version: (200506)

available memory: 64M bytes
used memory: 229376 bytes [need 224K bytes if disable swap]

used block: 7 [memory(7) file(0)]
                 [ 8K(4) 64K(3) { total 224K bytes } ]
overhead: (9514) bytes for (7) blocks [Average: (1359) bytes/block]

write  => 0(times) 0K(bytes) [0K bytes to file]
read   => 3(times) 19K(bytes) [4K bytes compressed data from file]
access => 74253(times) 588M(bytes)
          [hit ratio: 99.996%]

time: write(0) read(0)  unit: second

swap file directory: (/home/sathwikb/common/Documents/Final_Project/SR/Run/verdiLog)
used swap file number: (4)



swap file manager:
arrSize: (256)
idxCnt: (5)
closeHead: (1)
closeTail: (4)
openCnt: (4)
fid(4): fd(1073741826) fileName(/home/sathwikb/common/Documents/Final_Project/SR/Run/vcst_rtdb/.internal/design/seq_top.exe.daidir/kdb.elab++/spec.lib++/shift_register_2.sv.tdc)
	size(2638) lastModTime(1764733997) curModTime(1764733997)
	mode(rb)	hot(0) cool(3) pos(0)
fid(3): fd(1073741825) fileName(/home/sathwikb/common/Documents/Final_Project/SR/Run/vcst_rtdb/.internal/design/seq_top.exe.daidir/kdb.elab++/impl.lib++/shift_register.sv.tdc)
	size(3662) lastModTime(1764733998) curModTime(1764733998)
	mode(rb)	hot(4) cool(2) pos(0)
fid(2): fd(61) fileName(/home/sathwikb/common/Documents/Final_Project/SR/Run/verdiLog/_swap_0001#567686121#3025)
	size(0) lastModTime(0) curModTime(1764734009)
	mode(w+b)	hot(3) cool(1) pos(0)
fid(1): fd(1073741824) fileName(/home/sathwikb/common/Documents/Final_Project/SR/Run/vcst_rtdb/.internal/design/seq_top.exe.daidir/kdb.elab++/work.lib++/_snps_seq_top.sv.tdc)
	size(1082) lastModTime(1764733999) curModTime(1764733999)
	mode(rb)	hot(2) cool(0) pos(0)
fid(0): fd(0) fileName(NULL)
	mode(NULL)	hot(0) cool(0) pos(0)
==================================================
mySelf(0x23fa4460) pre(0x23f95ec0) next((nil))
version(200506)
date(Sep 25 2024 02:45:52)
