###############################################################
 # This report contains names of design units along with parameter
 # values and self instances.
 # Some parameters may have more than one possible values for that
 # design unit, values will be unique for instances. It is indicated as
 # "Multiple Values".
 # In some cases instance count shown may be less than actual instance
 # count in the design due to optimizations. It is indicated as
 # "Optimized".
###############################################################


Design Unit Name: 'seq_top', (/home/sathwikb/common/Documents/Final_Project/DFF/Run/vcst_rtdb/.internal/design/_snps_seq_top.sv:1)
    Parameters (Total 0)
    Instances (Total: 0)
=============================================


Design Unit Name: 'SPEC.DFF_2', (../RTL/DFF_2.sv:1)
    Parameters (Total 0)
    Instances (Total 1)
        seq_top.spec
=============================================


Design Unit Name: 'IMPL.DFF', (../RTL/DFF.sv:1)
    Parameters (Total 0)
    Instances (Total 1)
        seq_top.impl
=============================================


