version: (200506)

available memory: 64M bytes
used memory: 73728 bytes [need 72K bytes if disable swap]

used block: 2 [memory(2) file(0)]
                 [ 8K(1) 64K(1) { total 72K bytes } ]
overhead: (9514) bytes for (2) blocks [Average: (4757) bytes/block]

write  => 0(times) 0K(bytes) [0K bytes to file]
read   => 1(times) 0K(bytes) [0K bytes compressed data from file]
access => 10214(times) 80M(bytes)
          [hit ratio: 99.9902%]

time: write(0) read(0)  unit: second

swap file directory: (/home/sathwikb/common/Documents/Final_Project/DFF/Run/verdiLog)
used swap file number: (1)



swap file manager:
arrSize: (256)
idxCnt: (3)
closeHead: (1)
closeTail: (2)
openCnt: (2)
fid(2): fd(61) fileName(/home/sathwikb/common/Documents/Final_Project/DFF/Run/verdiLog/_swap_0001#567686121#19126)
	size(0) lastModTime(0) curModTime(1764733708)
	mode(w+b)	hot(0) cool(1) pos(0)
fid(1): fd(1073741824) fileName(/home/sathwikb/common/Documents/Final_Project/DFF/Run/vcst_rtdb/.internal/design/simv.daidir/kdb.elab++/work.lib++/DFF_top.sv.tdc)
	size(583) lastModTime(1764733705) curModTime(1764733705)
	mode(rb)	hot(2) cool(0) pos(0)
fid(0): fd(0) fileName(NULL)
	mode(NULL)	hot(0) cool(0) pos(0)
==================================================
mySelf(0x23fb0f40) pre(0x23f7b710) next((nil))
version(200506)
date(Sep 25 2024 02:45:52)
