version: (200506)

available memory: 64M bytes
used memory: 212992 bytes [need 208K bytes if disable swap]

used block: 5 [memory(5) file(0)]
                 [ 8K(2) 64K(3) { total 208K bytes } ]
overhead: (9514) bytes for (5) blocks [Average: (1902) bytes/block]

write  => 0(times) 0K(bytes) [0K bytes to file]
read   => 3(times) 4K(bytes) [1K bytes compressed data from file]
access => 59086(times) 463M(bytes)
          [hit ratio: 99.9949%]

time: write(0) read(0)  unit: second

swap file directory: (/home/sathwikb/common/Documents/Final_Project/MUX/Run/verdiLog)
used swap file number: (4)



swap file manager:
arrSize: (256)
idxCnt: (5)
closeHead: (1)
closeTail: (4)
openCnt: (4)
fid(4): fd(1073741826) fileName(/home/sathwikb/common/Documents/Final_Project/MUX/Run/vcst_rtdb/.internal/design/seq_top.exe.daidir/kdb.elab++/spec.lib++/Mux8to1_2.sv.tdc)
	size(977) lastModTime(1764733878) curModTime(1764733878)
	mode(rb)	hot(0) cool(3) pos(0)
fid(3): fd(1073741825) fileName(/home/sathwikb/common/Documents/Final_Project/MUX/Run/vcst_rtdb/.internal/design/seq_top.exe.daidir/kdb.elab++/impl.lib++/Mux8to1.sv.tdc)
	size(608) lastModTime(1764733879) curModTime(1764733879)
	mode(rb)	hot(4) cool(2) pos(0)
fid(2): fd(61) fileName(/home/sathwikb/common/Documents/Final_Project/MUX/Run/verdiLog/_swap_0001#567686121#25680)
	size(0) lastModTime(0) curModTime(1764733889)
	mode(w+b)	hot(3) cool(1) pos(0)
fid(1): fd(1073741824) fileName(/home/sathwikb/common/Documents/Final_Project/MUX/Run/vcst_rtdb/.internal/design/seq_top.exe.daidir/kdb.elab++/work.lib++/_snps_seq_top.sv.tdc)
	size(1076) lastModTime(1764733880) curModTime(1764733880)
	mode(rb)	hot(2) cool(0) pos(0)
fid(0): fd(0) fileName(NULL)
	mode(NULL)	hot(0) cool(0) pos(0)
==================================================
mySelf(0x2332bb80) pre(0x22ad00f0) next((nil))
version(200506)
date(Sep 25 2024 02:45:52)
